The following values were not passed to `accelerate launch` and had defaults used instead:
		More than one GPU was found, enabling multi-GPU training.
		If this was unintended please pass in `--num_processes=1`.
	`--num_machines` was set to a value of `1`
	`--mixed_precision` was set to a value of `'no'`
	`--dynamo_backend` was set to a value of `'no'`
To avoid this warning pass in values for each of the problematic parameters or run `accelerate config`.
Traceback (most recent call last):
  File "/home/mainq/miniconda3/bin/accelerate", line 8, in <module>
    sys.exit(main())
             ~~~~^^
  File "/home/mainq/miniconda3/lib/python3.13/site-packages/accelerate/commands/accelerate_cli.py", line 50, in main
    args.func(args)
    ~~~~~~~~~^^^^^^
  File "/home/mainq/miniconda3/lib/python3.13/site-packages/accelerate/commands/launch.py", line 1189, in launch_command
    multi_gpu_launcher(args)
    ~~~~~~~~~~~~~~~~~~^^^^^^
  File "/home/mainq/miniconda3/lib/python3.13/site-packages/accelerate/commands/launch.py", line 793, in multi_gpu_launcher
    current_env = prepare_multi_gpu_env(args)
  File "/home/mainq/miniconda3/lib/python3.13/site-packages/accelerate/utils/launch.py", line 228, in prepare_multi_gpu_env
    raise ConnectionError(
    ...<3 lines>...
    )
ConnectionError: Tried to launch distributed communication on port `29500`, but another process is utilizing it. Please specify a different port (such as using the `--main_process_port` flag or specifying a different `main_process_port` in your config file) and rerun your script. To automatically use the next open port (on a single node), you can set this to `0`.
